<?xml version="1.0" encoding="UTF-8"?><testsuite failures="1" name="cucumber.runtime.formatter.JUnitFormatter" skipped="0" tests="1" time="67.387889">
<testcase classname="Realizar compra" name="Realizar compra" time="67.387889">
<failure message="java.lang.AssertionError: &#13;&#10;Expected: &quot;Videojuego Days Gone&quot;&#13;&#10;     but: was &quot;PS4 Videojuego Days Gone&quot;&#13;&#10;&#9;at net.serenitybdd.screenplay.ErrorTally.throwSummaryExceptionFrom(ErrorTally.java:36)&#13;&#10;&#9;at net.serenitybdd.screenplay.ErrorTally.reportAnyErrors(ErrorTally.java:30)&#13;&#10;&#9;at net.serenitybdd.screenplay.Actor.should(Actor.java:301)&#13;&#10;&#9;at com.sophossolutions.www.steps.RealizarCompraMetroStepDefinition.validoQueElProductoFueAgregadoExitosamente(RealizarCompraMetroStepDefinition.java:45)&#13;&#10;&#9;at ✽.Valido que el producto fue agregado exitosamente &quot;Videojuego Days Gone&quot;(src/test/resources/com.sophossolutions.www.features/realizar_compra_metro.feature:7)&#13;&#10;"><![CDATA[Given Necesito realizar una compra..........................................passed
When Selecciono el producto "PS4 Videojuego Days Gone"......................passed
Then Valido que el producto fue agregado exitosamente "Videojuego Days Gone".failed

StackTrace:
java.lang.AssertionError: 
Expected: "Videojuego Days Gone"
     but: was "PS4 Videojuego Days Gone"
	at net.serenitybdd.screenplay.ErrorTally.throwSummaryExceptionFrom(ErrorTally.java:36)
	at net.serenitybdd.screenplay.ErrorTally.reportAnyErrors(ErrorTally.java:30)
	at net.serenitybdd.screenplay.Actor.should(Actor.java:301)
	at com.sophossolutions.www.steps.RealizarCompraMetroStepDefinition.validoQueElProductoFueAgregadoExitosamente(RealizarCompraMetroStepDefinition.java:45)
	at ✽.Valido que el producto fue agregado exitosamente "Videojuego Days Gone"(src/test/resources/com.sophossolutions.www.features/realizar_compra_metro.feature:7)
]]></failure>
</testcase>
</testsuite>
