<?xml version="1.0" encoding="UTF-8"?><testsuite errors="0" failures="1" name="Realizar compra" skipped="0" tests="1" time="67.39" timestamp="2020-06-15 09:16:03"><testcase name="Realizar compra"><failure message="&#13;&#10;Expected: &quot;Videojuego Days Gone&quot;&#13;&#10;     but: was &quot;PS4 Videojuego Days Gone&quot;" type="java.lang.AssertionError">&#13;
Expected: "Videojuego Days Gone"&#13;
     but: was "PS4 Videojuego Days Gone"</failure><system-err>&#13;
Expected: "Videojuego Days Gone"&#13;
     but: was "PS4 Videojuego Days Gone"&#13;
com.sophossolutions.www.steps.RealizarCompraMetroStepDefinition.validoQueElProductoFueAgregadoExitosamente(RealizarCompraMetroStepDefinition.java:45)&#13;
✽.Valido que el producto fue agregado exitosamente "Videojuego Days Gone"(src/test/resources/com.sophossolutions.www.features/realizar_compra_metro.feature:7)&#13;
</system-err></testcase></testsuite>